{
  "stats": {
    "suites": 3,
    "tests": 4,
    "passes": 4,
    "pending": 0,
    "failures": 0,
    "start": "2022-11-09T12:36:09.320Z",
    "end": "2022-11-09T12:36:11.950Z",
    "duration": 2630,
    "testsRegistered": 4,
    "passPercent": 100,
    "pendingPercent": 0,
    "other": 0,
    "hasOther": false,
    "skipped": 0,
    "hasSkipped": false
  },
  "results": [
    {
      "uuid": "a404ac30-99ad-48da-a6cc-a94cfc57fe12",
      "title": "",
      "fullFile": "D:\\Engineering\\Third_Year\\CMP_2023\\First_Term\\Software Engineering\\Project\\Backend-Reddit\\API\\test\\controllers\\authenticationController.js",
      "file": "\\test\\controllers\\authenticationController.js",
      "beforeHooks": [],
      "afterHooks": [],
      "tests": [],
      "suites": [
        {
          "uuid": "f30d2553-821f-4642-8c9b-920bb6e11605",
          "title": "Authentication Controller Test",
          "fullFile": "D:\\Engineering\\Third_Year\\CMP_2023\\First_Term\\Software Engineering\\Project\\Backend-Reddit\\API\\test\\controllers\\authenticationController.js",
          "file": "\\test\\controllers\\authenticationController.js",
          "beforeHooks": [],
          "afterHooks": [],
          "tests": [],
          "suites": [
            {
              "uuid": "a4f9e4ef-5052-444d-8a87-64a371179881",
              "title": "Sign-up Test",
              "fullFile": "D:\\Engineering\\Third_Year\\CMP_2023\\First_Term\\Software Engineering\\Project\\Backend-Reddit\\API\\test\\controllers\\authenticationController.js",
              "file": "\\test\\controllers\\authenticationController.js",
              "beforeHooks": [],
              "afterHooks": [],
              "tests": [
                {
                  "title": "first test success",
                  "fullTitle": "Authentication Controller Test Sign-up Test first test success",
                  "timedOut": false,
                  "duration": 1791,
                  "state": "passed",
                  "speed": "slow",
                  "pass": true,
                  "fail": false,
                  "pending": false,
                  "context": null,
                  "code": "request(app)\n  .post(\"/api/v1/users/signup\")\n  .send({\n    email: \"ahmedsabry@gmail.com\",\n    userName: \"ahmed\",\n    password: \"12345678\",\n  })\n  .then((res) => {\n    assert.equal(res.body.status, \"success\");\n    console.log(\"Passed from first test in sign\");\n    request(app)\n      .post(\"/api/v1/users/signup\")\n      .send({\n        email: \"ahmedsabry@gmail.com\",\n        userName: \"ahmed\",\n        password: \"12345678\",\n      })\n      .then((res) => {\n        assert.equal(res.body.status, \"fail\");\n        console.log(\"Passed from first test in sign\");\n      });\n    done();\n  })\n  .catch((err) => {\n    done(err);\n  });",
                  "err": {},
                  "uuid": "7a08ed78-ae5e-4c6c-885c-bbb80741257c",
                  "parentUUID": "a4f9e4ef-5052-444d-8a87-64a371179881",
                  "isHook": false,
                  "skipped": false
                },
                {
                  "title": "second test (fail,not provide all body)",
                  "fullTitle": "Authentication Controller Test Sign-up Test second test (fail,not provide all body)",
                  "timedOut": false,
                  "duration": 9,
                  "state": "passed",
                  "speed": "fast",
                  "pass": true,
                  "fail": false,
                  "pending": false,
                  "context": null,
                  "code": "request(app)\n  .post(\"/api/v1/users/signup\")\n  .send({\n    email: \"ahmed@gmail.com\",\n    userName: \"ahmedd\",\n  })\n  .then((res) => {\n    assert.equal(res.body.status, \"fail\");\n    assert.equal(res.status, 400);\n    request(app)\n      .post(\"/api/v1/users/signup\")\n      .send({\n        email: \"kahled@gmail.com\",\n        password: \"12345678\",\n      })\n      .then((res) => {\n        assert.equal(res.body.status, \"fail\");\n        assert.equal(res.status, 400);\n        console.log(\"Passed from first test in sign\");\n      });\n    done();\n  });",
                  "err": {},
                  "uuid": "5fe6425c-5637-4b08-b109-58c21063fd34",
                  "parentUUID": "a4f9e4ef-5052-444d-8a87-64a371179881",
                  "isHook": false,
                  "skipped": false
                }
              ],
              "suites": [],
              "passes": [
                "7a08ed78-ae5e-4c6c-885c-bbb80741257c",
                "5fe6425c-5637-4b08-b109-58c21063fd34"
              ],
              "failures": [],
              "pending": [],
              "skipped": [],
              "duration": 1800,
              "root": false,
              "rootEmpty": false,
              "_timeout": 2000
            },
            {
              "uuid": "49ad315c-99bc-4c1f-8d2e-674593a1889c",
              "title": "login Test",
              "fullFile": "D:\\Engineering\\Third_Year\\CMP_2023\\First_Term\\Software Engineering\\Project\\Backend-Reddit\\API\\test\\controllers\\authenticationController.js",
              "file": "\\test\\controllers\\authenticationController.js",
              "beforeHooks": [],
              "afterHooks": [],
              "tests": [
                {
                  "title": "first test success",
                  "fullTitle": "Authentication Controller Test login Test first test success",
                  "timedOut": false,
                  "duration": 275,
                  "state": "passed",
                  "speed": "slow",
                  "pass": true,
                  "fail": false,
                  "pending": false,
                  "context": null,
                  "code": "console.log(\"make request\");\nrequest(app)\n  .post(\"/api/v1/users/signup\")\n  .send({\n    email: \"ahmed123@gmail.com\",\n    userName: \"ahmed123\",\n    password: \"12345678\",\n  })\n  .then((res1) => {\n    console.log(res1.status);\n    request(app)\n      .post(\"/api/v1/users/login\")\n      .send({\n        userName: \"ahmed123\",\n        password: \"12345678\",\n      })\n      .then((res) => {\n        console.log(res.body.status);\n        expect(res.body.status).to.equal(\"success\");\n      });\n      done();\n  });",
                  "err": {},
                  "uuid": "89bb3629-3af3-4adc-9486-42c9cce6c43a",
                  "parentUUID": "49ad315c-99bc-4c1f-8d2e-674593a1889c",
                  "isHook": false,
                  "skipped": false
                },
                {
                  "title": "second test (fail,not provide all body)",
                  "fullTitle": "Authentication Controller Test login Test second test (fail,not provide all body)",
                  "timedOut": false,
                  "duration": 209,
                  "state": "passed",
                  "speed": "slow",
                  "pass": true,
                  "fail": false,
                  "pending": false,
                  "context": null,
                  "code": "request(app)\n  .post(\"/api/v1/users/login\")\n  .send({\n    email: \"ahmed@gmail.com\",\n    userName: \"ahmedd\",\n  })\n  .then((res) => {\n    assert.equal(res.body.status, \"fail\");\n    assert.equal(res.status, 400);\n    request(app)\n      .post(\"/api/v1/users/login\")\n      .send({\n        email: \"kahled@gmail.com\",\n        password: \"12345678\",\n      })\n      .then((res) => {\n        assert.equal(res.body.status, \"fail\");\n        assert.equal(res.status, 400);\n      });\n    done();\n  });",
                  "err": {},
                  "uuid": "6b76adf9-d712-45ad-b51b-255b6e91dc09",
                  "parentUUID": "49ad315c-99bc-4c1f-8d2e-674593a1889c",
                  "isHook": false,
                  "skipped": false
                }
              ],
              "suites": [],
              "passes": [
                "89bb3629-3af3-4adc-9486-42c9cce6c43a",
                "6b76adf9-d712-45ad-b51b-255b6e91dc09"
              ],
              "failures": [],
              "pending": [],
              "skipped": [],
              "duration": 484,
              "root": false,
              "rootEmpty": false,
              "_timeout": 2000
            }
          ],
          "passes": [],
          "failures": [],
          "pending": [],
          "skipped": [],
          "duration": 0,
          "root": false,
          "rootEmpty": false,
          "_timeout": 2000
        }
      ],
      "passes": [],
      "failures": [],
      "pending": [],
      "skipped": [],
      "duration": 0,
      "root": true,
      "rootEmpty": true,
      "_timeout": 2000
    }
  ],
  "meta": {
    "mocha": {
      "version": "10.1.0"
    },
    "mochawesome": {
      "options": {
        "quiet": false,
        "reportFilename": "mochawesome",
        "saveHtml": true,
        "saveJson": true,
        "consoleReporter": "spec",
        "useInlineDiffs": false,
        "code": true
      },
      "version": "7.1.3"
    },
    "marge": {
      "options": null,
      "version": "6.2.0"
    }
  }
}